<?xml version="1.0" encoding="UTF-8"?>
<!-- Generated by org.testng.reporters.JUnitReportReporter -->
<testsuite hostname="DESKTOP-E6OTVN8" failures="0" tests="1" name="test_cases.TC_002_LoginTest" time="1.742" errors="0" timestamp="2024-11-22T12:21:21 IST" skipped="0">
  <testcase classname="test_cases.TC_002_LoginTest" name="verifyLogin" time="1.742"/>
</testsuite> <!-- test_cases.TC_002_LoginTest -->
